<?xml version="1.0" encoding="UTF-8"?>
<!-- Generated by org.testng.reporters.JUnitReportReporter -->
<testsuite hostname="MSI" failures="0" tests="3" name="com.testcase.TestCase" time="15.229" errors="0" timestamp="2023-09-20T10:04:23 IST" skipped="0">
  <testcase classname="com.testcase.TestCase" name="TestCase13" time="3.957"/>
  <testcase classname="com.testcase.TestCase" name="TestCase19" time="6.955"/>
  <testcase classname="com.testcase.TestCase" name="TestCase20" time="4.317"/>
</testsuite> <!-- com.testcase.TestCase -->
