<?xml version="1.0" encoding="UTF-8"?>
<!-- Generated by org.testng.reporters.JUnitReportReporter -->
<testsuite hostname="HAREESH" failures="0" tests="15" name="com.testcases.Testcases" time="63.924" errors="0" timestamp="2023-10-03T14:46:24 IST" skipped="0">
  <testcase classname="com.testcases.Testcases" name="FalseLoginTest" time="1.988"/>
  <testcase classname="com.testcases.Testcases" name="customerLoginTest" time="5.610"/>
  <testcase classname="com.testcases.Testcases" name="adminTest" time="9.103"/>
  <testcase classname="com.testcases.Testcases" name="pimTest" time="2.279"/>
  <testcase classname="com.testcases.Testcases" name="leaveTest" time="3.530"/>
  <testcase classname="com.testcases.Testcases" name="myinfoTest" time="2.983"/>
  <testcase classname="com.testcases.Testcases" name="recruitmentTest" time="4.833"/>
  <testcase classname="com.testcases.Testcases" name="dashboardTest" time="1.827"/>
  <testcase classname="com.testcases.Testcases" name="performanceTest" time="6.528"/>
  <testcase classname="com.testcases.Testcases" name="buzz" time="3.428"/>
  <testcase classname="com.testcases.Testcases" name="directoryTest" time="1.084"/>
  <testcase classname="com.testcases.Testcases" name="buzzTest" time="1.410"/>
  <testcase classname="com.testcases.Testcases" name="AdminSearch" time="9.848"/>
  <testcase classname="com.testcases.Testcases" name="maintanenceTest" time="3.047"/>
  <testcase classname="com.testcases.Testcases" name="AddEmployee" time="6.426"/>
</testsuite> <!-- com.testcases.Testcases -->
